<?xml version="1.0" encoding="UTF-8"?>
<testsuite name="com.wordz.domain.WordTest" tests="4" skipped="0" failures="0" errors="0" timestamp="2023-04-20T22:03:38" hostname="LAPTOP-VQF66PPD" time="0.045">
  <properties/>
  <testcase name="oneCorrectLetter()" classname="com.wordz.domain.WordTest" time="0.043"/>
  <testcase name="allScoreCombinations()" classname="com.wordz.domain.WordTest" time="0.001"/>
  <testcase name="secondLetterWrongPosition()" classname="com.wordz.domain.WordTest" time="0.0"/>
  <testcase name="oneIncorrectLetter()" classname="com.wordz.domain.WordTest" time="0.0"/>
  <system-out><![CDATA[]]></system-out>
  <system-err><![CDATA[]]></system-err>
</testsuite>
